  main.cpp
c:\users\user\desktop\abel\trabajos\dam_viod\acceso_a_datos\m06\m06_uf1\m06_uf1\main.cpp(83): warning C4244: '+=': conversión de 'float' a 'int'; posible pérdida de datos
c:\users\user\desktop\abel\trabajos\dam_viod\acceso_a_datos\m06\m06_uf1\m06_uf1\main.cpp(84): warning C4244: '+=': conversión de 'float' a 'int'; posible pérdida de datos
c:\users\user\desktop\abel\trabajos\dam_viod\acceso_a_datos\m06\m06_uf1\m06_uf1\main.cpp(90): warning C4838: la conversión de 'int' en 'float' requiere una conversión de restricción
c:\users\user\desktop\abel\trabajos\dam_viod\acceso_a_datos\m06\m06_uf1\m06_uf1\main.cpp(87): warning C4244: 'inicializando': conversión de 'int' a 'float'; posible pérdida de datos
c:\users\user\desktop\abel\trabajos\dam_viod\acceso_a_datos\m06\m06_uf1\m06_uf1\main.cpp(89): warning C4244: 'inicializando': conversión de 'int' a 'float'; posible pérdida de datos
c:\users\user\desktop\abel\trabajos\dam_viod\acceso_a_datos\m06\m06_uf1\m06_uf1\main.cpp(130): warning C4244: '+=': conversión de 'float' a 'int'; posible pérdida de datos
c:\users\user\desktop\abel\trabajos\dam_viod\acceso_a_datos\m06\m06_uf1\m06_uf1\main.cpp(131): warning C4244: '+=': conversión de 'float' a 'int'; posible pérdida de datos
c:\users\user\desktop\abel\trabajos\dam_viod\acceso_a_datos\m06\m06_uf1\m06_uf1\main.cpp(136): warning C4838: la conversión de 'int' en 'float' requiere una conversión de restricción
c:\users\user\desktop\abel\trabajos\dam_viod\acceso_a_datos\m06\m06_uf1\m06_uf1\main.cpp(134): warning C4244: 'inicializando': conversión de 'int' a 'float'; posible pérdida de datos
c:\users\user\desktop\abel\trabajos\dam_viod\acceso_a_datos\m06\m06_uf1\m06_uf1\main.cpp(136): warning C4244: 'inicializando': conversión de 'int' a 'float'; posible pérdida de datos
c:\users\user\desktop\abel\trabajos\dam_viod\acceso_a_datos\m06\m06_uf1\m06_uf1\main.cpp(208): warning C4244: '=': conversión de 'float' a 'unsigned char'; posible pérdida de datos
c:\users\user\desktop\abel\trabajos\dam_viod\acceso_a_datos\m06\m06_uf1\m06_uf1\main.cpp(209): warning C4244: '=': conversión de 'float' a 'unsigned char'; posible pérdida de datos
c:\users\user\desktop\abel\trabajos\dam_viod\acceso_a_datos\m06\m06_uf1\m06_uf1\main.cpp(210): warning C4244: '=': conversión de 'float' a 'unsigned char'; posible pérdida de datos
c:\users\user\desktop\abel\trabajos\dam_viod\acceso_a_datos\m06\m06_uf1\m06_uf1\main.cpp(222): warning C4244: 'inicializando': conversión de 'float' a 'int'; posible pérdida de datos
c:\users\user\desktop\abel\trabajos\dam_viod\acceso_a_datos\m06\m06_uf1\m06_uf1\main.cpp(271): warning C4244: 'inicializando': conversión de 'float' a 'int'; posible pérdida de datos
c:\users\user\desktop\abel\trabajos\dam_viod\acceso_a_datos\m06\m06_uf1\m06_uf1\main.cpp(404): warning C4244: '+=': conversión de 'float' a 'int'; posible pérdida de datos
c:\users\user\desktop\abel\trabajos\dam_viod\acceso_a_datos\m06\m06_uf1\m06_uf1\main.cpp(405): warning C4244: '+=': conversión de 'float' a 'int'; posible pérdida de datos
c:\users\user\desktop\abel\trabajos\dam_viod\acceso_a_datos\m06\m06_uf1\m06_uf1\main.cpp(407): warning C4244: '=': conversión de 'int' a 'float'; posible pérdida de datos
c:\users\user\desktop\abel\trabajos\dam_viod\acceso_a_datos\m06\m06_uf1\m06_uf1\main.cpp(408): warning C4244: '=': conversión de 'int' a 'float'; posible pérdida de datos
c:\users\user\desktop\abel\trabajos\dam_viod\acceso_a_datos\m06\m06_uf1\m06_uf1\main.cpp(498): warning C4018: '<': no coinciden signed/unsigned
c:\users\user\desktop\abel\trabajos\dam_viod\acceso_a_datos\m06\m06_uf1\m06_uf1\main.cpp(511): warning C4018: '<': no coinciden signed/unsigned
  M06_UF1.vcxproj -> C:\Users\User\Desktop\Abel\Trabajos\DAM_VIOD\Acceso_a_Datos\M06\M06_UF1\Debug\M06_UF1.exe
